<?xml version="1.0" encoding="UTF-8"?>
<!-- Generated by org.testng.reporters.JUnitXMLReporter -->
<testsuite hostname="Vuksa" ignored="0" name="My First Selenium TestNG Test" tests="5" failures="0" timestamp="17 sij 2026 17:08:08 GMT" time="14.529" errors="0">
  <testcase name="simple_get_test" time="3.99" classname="tests.FirstTest"/>
  <testcase name="post_test" time="2.146" classname="tests.SecondTest"/>
  <testcase name="put_test" time="2.116" classname="tests.ThirdTest"/>
  <testcase name="patch_test" time="2.095" classname="tests.FourthTest"/>
  <testcase name="delete_test" time="4.16" classname="tests.FifthTest"/>
</testsuite> <!-- My First Selenium TestNG Test -->
